<?xml version="1.0" encoding="utf-8" standalone="no"?>
<!--This file represents the results of running a test suite-->
<test-results name="C:/git/storyteller/source/StoryTeller.Testing/bin/debug/StoryTeller.Testing.dll" total="1525" failures="0" not-run="4" date="2010-06-14" time="16:05:36">
  <environment nunit-version="2.4.7.0" clr-version="4.0.30319.1" os-version="Microsoft Windows NT 6.1.7600.0" platform="Win32NT" cwd="C:\git\storyteller" machine-name="JEREMYMILLER" user="Jeremy Miller" user-domain="JeremyMiller" />
  <culture-info current-culture="en-US" current-uiculture="en-US" />
  <test-suite name="C:/git/storyteller/source/StoryTeller.Testing/bin/debug/StoryTeller.Testing.dll" success="True" time="104.616" asserts="0">
    <results>
      <test-suite name="StoryTeller" success="True" time="104.226" asserts="0">
        <results>
          <test-suite name="Testing" success="True" time="104.222" asserts="0">
            <results>
              <test-suite name="Codegen" success="True" time="0.176" asserts="0">
                <results>
                  <test-suite name="ProjectRunnerCodegenServiceTester" success="True" time="0.075" asserts="0">
                    <results>
                      <test-case name="StoryTeller.Testing.Codegen.ProjectRunnerCodegenServiceTester.can_get_default_class_template" executed="True" success="True" time="0.023" asserts="1" />
                      <test-case name="StoryTeller.Testing.Codegen.ProjectRunnerCodegenServiceTester.can_get_default_method_template" executed="True" success="True" time="0.001" asserts="1" />
                    </results>
                  </test-suite>
                  <test-suite name="when_generating_a_single_test_method_with_default_text" success="True" time="0.056" asserts="0">
                    <results>
                      <test-case name="StoryTeller.Testing.Codegen.when_generating_a_single_test_method_with_default_text.the_method_test_should_be_named_a_sanitized_version_of_the_test_name" executed="True" success="True" time="0.055" asserts="1" />
                      <test-case name="StoryTeller.Testing.Codegen.when_generating_a_single_test_method_with_default_text.the_method_test_should_embed_the_test_name" executed="True" success="True" time="0.000" asserts="1" />
                    </results>
                  </test-suite>
                  <test-suite name="when_generating_a_test_harness_class" success="True" time="0.016" asserts="0">
                    <results>
                      <test-case name="StoryTeller.Testing.Codegen.when_generating_a_test_harness_class.should_contain_the_method_for_the_test" executed="True" success="True" time="0.014" asserts="1" />
                      <test-case name="StoryTeller.Testing.Codegen.when_generating_a_test_harness_class.the_project_file_should_be_in_the_setup" executed="True" success="True" time="0.001" asserts="1" />
                    </results>
                  </test-suite>
                </results>
              </test-suite>
              <test-suite name="CommentTester" success="True" time="0.261" asserts="0">
                <results>
                  <test-case name="StoryTeller.Testing.CommentTester.accept_visitor" executed="True" success="True" time="0.261" asserts="0" />
                </results>
              </test-suite>
              <test-suite name="DisplayParserTester" success="True" time="0.231" asserts="0">
                <results>
                  <test-case name="StoryTeller.Testing.DisplayParserTester.all_cells_are_in_the_middle" executed="True" success="True" time="0.224" asserts="6" />
                  <test-case name="StoryTeller.Testing.DisplayParserTester.parse_a_simple_example" executed="True" success="True" time="0.004" asserts="5" />
                  <test-case name="StoryTeller.Testing.DisplayParserTester.parse_a_simple_example_that_puts_a_cell_at_the_very_beginning" executed="True" success="True" time="0.001" asserts="4" />
                </results>
              </test-suite>
              <test-suite name="Domain" success="True" time="0.364" asserts="0">
                <results>
                  <test-suite name="StepLeafTester" success="True" time="0.073" asserts="0">
                    <results>
                      <test-case name="StoryTeller.Testing.Domain.StepLeafTester.add_step" executed="True" success="True" time="0.025" asserts="2" />
                      <test-case name="StoryTeller.Testing.Domain.StepLeafTester.clear_attribute" executed="True" success="True" time="0.022" asserts="7" />
                      <test-case name="StoryTeller.Testing.Domain.StepLeafTester.clone_last_node_does_nothing_and_returns_false_if_no_other_steps_exist" executed="True" success="True" time="0.003" asserts="1" />
                      <test-case name="StoryTeller.Testing.Domain.StepLeafTester.clone_last_node_if_a_node_exists" executed="True" success="True" time="0.004" asserts="2" />
                      <test-case name="StoryTeller.Testing.Domain.StepLeafTester.get_all_unique_attributes" executed="True" success="True" time="0.001" asserts="8" />
                      <test-case name="StoryTeller.Testing.Domain.StepLeafTester.move_down_1" executed="True" success="True" time="0.002" asserts="8" />
                      <test-case name="StoryTeller.Testing.Domain.StepLeafTester.move_down_when_already_last" executed="True" success="True" time="0.001" asserts="4" />
                      <test-case name="StoryTeller.Testing.Domain.StepLeafTester.move_up_1" executed="True" success="True" time="0.002" asserts="8" />
                      <test-case name="StoryTeller.Testing.Domain.StepLeafTester.move_up_when_the_step_is_already_first" executed="True" success="True" time="0.001" asserts="4" />
                      <test-case name="StoryTeller.Testing.Domain.StepLeafTester.set_step_value_should_set_a_value_on_all_steps" executed="True" success="True" time="0.004" asserts="4" />
                    </results>
                  </test-suite>
                  <test-suite name="SuiteNavigatorTester" success="True" time="0.096" asserts="0">
                    <results>
                      <test-case name="StoryTeller.Testing.Domain.SuiteNavigatorTester.visit_with_a_suite_filter" executed="True" success="True" time="0.058" asserts="23" />
                      <test-case name="StoryTeller.Testing.Domain.SuiteNavigatorTester.visit_with_a_test_filter" executed="True" success="True" time="0.016" asserts="23" />
                      <test-case name="StoryTeller.Testing.Domain.SuiteNavigatorTester.visit_with_no_filters" executed="True" success="True" time="0.020" asserts="23" />
                    </results>
                  </test-suite>
                  <test-suite name="TestFilterTester" success="True" time="0.060" asserts="0">
                    <results>
                      <test-case name="StoryTeller.Testing.Domain.TestFilterTester.by_default_the_lifecycle_is_any" executed="True" success="True" time="0.044" asserts="1" />
                      <test-case name="StoryTeller.Testing.Domain.TestFilterTester.by_default_the_status_is_all" executed="True" success="True" time="0.000" asserts="1" />
                      <test-case name="StoryTeller.Testing.Domain.TestFilterTester.do_not_show_empty_suites_when_a_result_status_is_selected" executed="True" success="True" time="0.002" asserts="1" />
                      <test-case name="StoryTeller.Testing.Domain.TestFilterTester.do_not_show_empty_suites_when_lifecyle_is_set" executed="True" success="True" time="0.000" asserts="1" />
                      <test-case name="StoryTeller.Testing.Domain.TestFilterTester.look_for_failed_regression_tests" executed="True" success="True" time="0.004" asserts="6" />
                      <test-case name="StoryTeller.Testing.Domain.TestFilterTester.look_for_successful_acceptance_tests" executed="True" success="True" time="0.001" asserts="6" />
                      <test-case name="StoryTeller.Testing.Domain.TestFilterTester.only_look_for_acceptance_tests" executed="True" success="True" time="0.001" asserts="6" />
                      <test-case name="StoryTeller.Testing.Domain.TestFilterTester.only_look_for_failed_tests" executed="True" success="True" time="0.001" asserts="6" />
                      <test-case name="StoryTeller.Testing.Domain.TestFilterTester.only_look_for_regression_tests" executed="True" success="True" time="0.000" asserts="6" />
                      <test-case name="StoryTeller.Testing.Domain.TestFilterTester.only_look_for_successful_tests" executed="True" success="True" time="0.001" asserts="6" />
                      <test-case name="StoryTeller.Testing.Domain.TestFilterTester.only_look_for_unknown_tests" executed="True" success="True" time="0.001" asserts="6" />
                      <test-case name="StoryTeller.Testing.Domain.TestFilterTester.show_empty_suites_when_any_lifecycle_and_status_is_all" executed="True" success="True" time="0.000" asserts="1" />
                      <test-case name="StoryTeller.Testing.Domain.TestFilterTester.the_initial_filter_should_match_all_tests" executed="True" success="True" time="0.000" asserts="6" />
                    </results>
                  </test-suite>
                  <test-suite name="TestProgressionTester" success="True" time="0.017" asserts="0">
                    <results>
                      <test-case name="StoryTeller.Testing.Domain.TestProgressionTester.can_find_the_path_of_a_part" executed="True" success="True" time="0.013" asserts="3" />
                      <test-case name="StoryTeller.Testing.Domain.TestProgressionTester.find_index_of" executed="True" success="True" time="0.001" asserts="3" />
                      <test-case name="StoryTeller.Testing.Domain.TestProgressionTester.returns_the_count" executed="True" success="True" time="0.000" asserts="1" />
                    </results>
                  </test-suite>
                  <test-suite name="TPathTester" success="True" time="0.006" asserts="0">
                    <results>
                      <test-case name="StoryTeller.Testing.Domain.TPathTester.an_empty_string_path_is_the_hierarchy" executed="True" success="True" time="0.001" asserts="1" />
                      <test-case name="StoryTeller.Testing.Domain.TPathTester.append" executed="True" success="True" time="0.001" asserts="1" />
                      <test-case name="StoryTeller.Testing.Domain.TPathTester.get_containing_folder" executed="True" success="True" time="0.001" asserts="4" />
                      <test-case name="StoryTeller.Testing.Domain.TPathTester.locator" executed="True" success="True" time="0.000" asserts="1" />
                      <test-case name="StoryTeller.Testing.Domain.TPathTester.push" executed="True" success="True" time="0.000" asserts="1" />
                    </results>
                  </test-suite>
                  <test-suite name="when_building_a_status_after_starting_the_second_or_later_step" success="True" time="0.021" asserts="0">
                    <results>
                      <test-case name="StoryTeller.Testing.Domain.when_building_a_status_after_starting_the_second_or_later_step.should_have_the_text_of_the_last_step_running" executed="True" success="True" time="0.017" asserts="1" />
                      <test-case name="StoryTeller.Testing.Domain.when_building_a_status_after_starting_the_second_or_later_step.the_progress_count_is_one" executed="True" success="True" time="0.001" asserts="1" />
                      <test-case name="StoryTeller.Testing.Domain.when_building_a_status_after_starting_the_second_or_later_step.the_total_count_should_be_the_total_count" executed="True" success="True" time="0.000" asserts="1" />
                    </results>
                  </test-suite>
                  <test-suite name="when_building_a_status_for_the_first_section" success="True" time="0.003" asserts="0">
                    <results>
                      <test-case name="StoryTeller.Testing.Domain.when_building_a_status_for_the_first_section.has_the_test_path" executed="True" success="True" time="0.001" asserts="1" />
                      <test-case name="StoryTeller.Testing.Domain.when_building_a_status_for_the_first_section.should_have_the_text_of_the_section_running" executed="True" success="True" time="0.000" asserts="1" />
                      <test-case name="StoryTeller.Testing.Domain.when_building_a_status_for_the_first_section.the_progress_count_is_just_zero_cause_nothing_has_been_completed" executed="True" success="True" time="0.000" asserts="1" />
                      <test-case name="StoryTeller.Testing.Domain.when_building_a_status_for_the_first_section.the_total_count_should_be_the_total_count" executed="True" success="True" time="0.001" asserts="1" />
                    </results>
                  </test-suite>
                  <test-suite name="when_building_the_second_completed_step" success="True" time="0.002" asserts="0">
                    <results>
                      <test-case name="StoryTeller.Testing.Domain.when_building_the_second_completed_step.should_have_the_text_of_the_last_step_running" executed="True" success="True" time="0.002" asserts="1" />
                      <test-case name="StoryTeller.Testing.Domain.when_building_the_second_completed_step.the_progress_count_is_two_now" executed="True" success="True" time="0.000" asserts="1" />
                    </results>
                  </test-suite>
                  <test-suite name="when_building_the_status_after_incrementing_a_part" success="True" time="0.003" asserts="0">
                    <results>
                      <test-case name="StoryTeller.Testing.Domain.when_building_the_status_after_incrementing_a_part.has_the_test_path" executed="True" success="True" time="0.001" asserts="1" />
                      <test-case name="StoryTeller.Testing.Domain.when_building_the_status_after_incrementing_a_part.should_have_the_text_of_the_last_step_running" executed="True" success="True" time="0.001" asserts="1" />
                      <test-case name="StoryTeller.Testing.Domain.when_building_the_status_after_incrementing_a_part.the_progress_count_is_one" executed="True" success="True" time="0.000" asserts="1" />
                      <test-case name="StoryTeller.Testing.Domain.when_building_the_status_after_incrementing_a_part.the_total_count_should_be_the_total_count" executed="True" success="True" time="0.000" asserts="1" />
                    </results>
                  </test-suite>
                  <test-suite name="when_combining_filters_with_workspace_filters" success="True" time="0.027" asserts="0">
                    <results>
                      <test-case name="StoryTeller.Testing.Domain.when_combining_filters_with_workspace_filters.multiple_workspace_filter" executed="True" success="True" time="0.016" asserts="10" />
                      <test-case name="StoryTeller.Testing.Domain.when_combining_filters_with_workspace_filters.multiple_workspace_filter_and_result_filter" executed="True" success="True" time="0.001" asserts="5" />
                      <test-case name="StoryTeller.Testing.Domain.when_combining_filters_with_workspace_filters.no_workspace_filter_and_failure" executed="True" success="True" time="0.001" asserts="8" />
                      <test-case name="StoryTeller.Testing.Domain.when_combining_filters_with_workspace_filters.one_workspace_filter" executed="True" success="True" time="0.000" asserts="6" />
                    </results>
                  </test-suite>
                  <test-suite name="when_finding_all_the_tokens_from_a_test_with_sections" success="True" time="0.036" asserts="0">
                    <results>
                      <test-case name="StoryTeller.Testing.Domain.when_finding_all_the_tokens_from_a_test_with_sections.read_a_part_that_is_only_nested_one_deep" executed="True" success="True" time="0.006" asserts="1" />
                      <test-case name="StoryTeller.Testing.Domain.when_finding_all_the_tokens_from_a_test_with_sections.read_a_section" executed="True" success="True" time="0.001" asserts="1" />
                      <test-case name="StoryTeller.Testing.Domain.when_finding_all_the_tokens_from_a_test_with_sections.the_expected" executed="True" success="True" time="0.025" asserts="14" />
                      <test-case name="StoryTeller.Testing.Domain.when_finding_all_the_tokens_from_a_test_with_sections.the_initial_status_should_be_the_test" executed="True" success="True" time="0.001" asserts="1" />
                    </results>
                  </test-suite>
                  <test-suite name="when_matching_suites" success="True" time="0.011" asserts="0">
                    <results>
                      <test-case name="StoryTeller.Testing.Domain.when_matching_suites.a_plain_suite_always_matches" executed="True" success="True" time="0.005" asserts="0" />
                      <test-case name="StoryTeller.Testing.Domain.when_matching_suites.all_suites_match_when_there_are_no_selected_workspaces" executed="True" success="True" time="0.001" asserts="3" />
                      <test-case name="StoryTeller.Testing.Domain.when_matching_suites.for_one_specific_workspace_selected" executed="True" success="True" time="0.002" asserts="3" />
                      <test-case name="StoryTeller.Testing.Domain.when_matching_suites.for_two_workspaces_selected" executed="True" success="True" time="0.001" asserts="3" />
                      <test-case name="StoryTeller.Testing.Domain.when_matching_suites.METHOD" executed="True" success="True" time="0.001" asserts="0" />
                    </results>
                  </test-suite>
                </results>
              </test-suite>
              <test-suite name="DSL" success="True" time="0.516" asserts="0">
                <results>
                  <test-suite name="ObjectConstructionExpressionTester" success="True" time="0.334" asserts="0">
                    <results>
                      <test-case name="StoryTeller.Testing.DSL.ObjectConstructionExpressionTester.specify_all_the_primitive_properties" executed="True" success="True" time="0.262" asserts="8" />
                      <test-case name="StoryTeller.Testing.DSL.ObjectConstructionExpressionTester.specify_all_the_primitive_properties_with_extension_method" executed="True" success="True" time="0.004" asserts="8" />
                      <test-case name="StoryTeller.Testing.DSL.ObjectConstructionExpressionTester.specify_properties_one_at_a_time" executed="True" success="True" time="0.056" asserts="3" />
                      <test-case name="StoryTeller.Testing.DSL.ObjectConstructionExpressionTester.specify_properties_one_at_a_time_with_extension_methods" executed="True" success="True" time="0.004" asserts="3" />
                      <test-case name="StoryTeller.Testing.DSL.ObjectConstructionExpressionTester.specify_properties_with_a_filter" executed="True" success="True" time="0.003" asserts="6" />
                      <test-case name="StoryTeller.Testing.DSL.ObjectConstructionExpressionTester.specify_properties_with_a_filter_and_the_extension_method" executed="True" success="True" time="0.002" asserts="6" />
                    </results>
                  </test-suite>
                  <test-suite name="ObjectVerificationExpressionTester" success="True" time="0.176" asserts="0">
                    <results>
                      <test-case name="StoryTeller.Testing.DSL.ObjectVerificationExpressionTester.check_a_single_property_successfully" executed="True" success="True" time="0.158" asserts="1" />
                      <test-case name="StoryTeller.Testing.DSL.ObjectVerificationExpressionTester.check_a_single_property_that_does_not_match" executed="True" success="True" time="0.004" asserts="1" />
                      <test-case name="StoryTeller.Testing.DSL.ObjectVerificationExpressionTester.check_all_simple_properties_successfully" executed="True" success="True" time="0.008" asserts="1" />
                      <test-case name="StoryTeller.Testing.DSL.ObjectVerificationExpressionTester.check_all_simple_properties_with_three_mismatches" executed="True" success="True" time="0.005" asserts="1" />
                    </results>
                  </test-suite>
                  <test-suite name="set_up_fixture_grammar_to_find_and_verify_an_object" success="True" time="0.001" asserts="0">
                    <results />
                  </test-suite>
                </results>
              </test-suite>
              <test-suite name="Engine" success="True" time="6.818" asserts="0">
                <results>
                  <test-suite name="ActionGrammarTester" success="True" time="0.029" asserts="0">
                    <results>
                      <test-case name="StoryTeller.Testing.Engine.ActionGrammarTester.builds_sentence" executed="True" success="True" time="0.023" asserts="3" />
                      <test-case name="StoryTeller.Testing.Engine.ActionGrammarTester.execute_picks_up_the_correct_cell" executed="True" success="True" time="0.004" asserts="1" />
                      <test-case name="StoryTeller.Testing.Engine.ActionGrammarTester.GetCells" executed="True" success="True" time="0.002" asserts="2" />
                    </results>
                  </test-suite>
                  <test-suite name="before_and_after_tester_for_table" success="True" time="0.014" asserts="0">
                    <results>
                      <test-case name="StoryTeller.Testing.Engine.before_and_after_tester_for_table.all_the_steps_should_be_called" executed="True" success="True" time="0.009" asserts="10" />
                      <test-case name="StoryTeller.Testing.Engine.before_and_after_tester_for_table.should_have_called_the_after_action_after_all_the_steps" executed="True" success="True" time="0.002" asserts="3" />
                      <test-case name="StoryTeller.Testing.Engine.before_and_after_tester_for_table.should_have_called_the_before_the_steps" executed="True" success="True" time="0.002" asserts="3" />
                    </results>
                  </test-suite>
                  <test-suite name="BooleanReturnTester" success="True" time="0.022" asserts="0">
                    <results>
                      <test-case name="StoryTeller.Testing.Engine.BooleanReturnTester.fact_method_with_parameters_should_build_example_correctly" executed="True" success="True" time="0.022" asserts="1" />
                    </results>
                  </test-suite>
                  <test-suite name="CellTester" success="True" time="0.116" asserts="0">
                    <results>
                      <test-case name="StoryTeller.Testing.Engine.CellTester.a_cell_with_a_default_value_will_use_that_for_the_sample_value" executed="True" success="True" time="0.001" asserts="1" />
                      <test-case name="StoryTeller.Testing.Engine.CellTester.a_cell_without_a_default_value_will_use_astericks_for_the_sample_value" executed="True" success="True" time="0.000" asserts="1" />
                      <test-case name="StoryTeller.Testing.Engine.CellTester.can_read_the_header_attribute" executed="True" success="True" time="0.002" asserts="1" />
                      <test-case name="StoryTeller.Testing.Engine.CellTester.can_serialize" executed="True" success="True" time="0.005" asserts="2" />
                      <test-case name="StoryTeller.Testing.Engine.CellTester.can_serialize_selection_values" executed="True" success="True" time="0.002" asserts="7" />
                      <test-case name="StoryTeller.Testing.Engine.CellTester.create_by_parameter" executed="True" success="True" time="0.013" asserts="4" />
                      <test-case name="StoryTeller.Testing.Engine.CellTester.create_by_parameter_with_a_default_value" executed="True" success="True" time="0.003" asserts="2" />
                      <test-case name="StoryTeller.Testing.Engine.CellTester.get_display_returns_MISSING_if_the_value_does_not_exist" executed="True" success="True" time="0.001" asserts="1" />
                      <test-case name="StoryTeller.Testing.Engine.CellTester.get_display_returns_the_toString_of_the_value_if_it_exists" executed="True" success="True" time="0.000" asserts="1" />
                      <test-case name="StoryTeller.Testing.Engine.CellTester.get_display_with_a_default_value_and_no_step_value_should_use_the_default_value" executed="True" success="True" time="0.001" asserts="1" />
                      <test-case name="StoryTeller.Testing.Engine.CellTester.has_default" executed="True" success="True" time="0.001" asserts="3" />
                      <test-case name="StoryTeller.Testing.Engine.CellTester.is_a_test_input" executed="True" success="True" time="0.003" asserts="6" />
                      <test-case name="StoryTeller.Testing.Engine.CellTester.on_creation_the_heading_is_the_same_as_the_key" executed="True" success="True" time="0.001" asserts="1" />
                      <test-case name="StoryTeller.Testing.Engine.CellTester.override_cell_header" executed="True" success="True" time="0.001" asserts="1" />
                      <test-case name="StoryTeller.Testing.Engine.CellTester.read_argument_with_a_format_exception" executed="True" success="True" time="0.009" asserts="2" />
                      <test-case name="StoryTeller.Testing.Engine.CellTester.read_expected_value_from_step_for_a_boolean_result_cell" executed="True" success="True" time="0.002" asserts="2" />
                      <test-case name="StoryTeller.Testing.Engine.CellTester.read_expected_value_from_step_that_is_boolean_missing_and_input_should_still_log_error" executed="True" success="True" time="0.002" asserts="1" />
                      <test-case name="StoryTeller.Testing.Engine.CellTester.read_in_DateTime" executed="True" success="True" time="0.013" asserts="1" />
                      <test-case name="StoryTeller.Testing.Engine.CellTester.read_non_null_data_in_for_a_nullable_type" executed="True" success="True" time="0.003" asserts="1" />
                      <test-case name="StoryTeller.Testing.Engine.CellTester.read_null_in_from_a_nullable_type_with_NULL" executed="True" success="True" time="0.002" asserts="1" />
                      <test-case name="StoryTeller.Testing.Engine.CellTester.record_actual_calls_mark_missing_value_when_the_expected_value_is_missing" executed="True" success="True" time="0.010" asserts="2" />
                      <test-case name="StoryTeller.Testing.Engine.CellTester.record_actual_stores_the_data" executed="True" success="True" time="0.003" asserts="1" />
                      <test-case name="StoryTeller.Testing.Engine.CellTester.record_actual_when_the_data_is_right" executed="True" success="True" time="0.002" asserts="2" />
                      <test-case name="StoryTeller.Testing.Engine.CellTester.record_actual_when_the_data_is_wrong" executed="True" success="True" time="0.002" asserts="3" />
                      <test-case name="StoryTeller.Testing.Engine.CellTester.set_argument_if_argument_is_itestcontext_just_uses_the_itestcontext" executed="True" success="True" time="0.004" asserts="1" />
                      <test-case name="StoryTeller.Testing.Engine.CellTester.set_argument_if_the_argument_is_not_simple_pulls_that_argument_from_testcontext" executed="True" success="True" time="0.003" asserts="1" />
                      <test-case name="StoryTeller.Testing.Engine.CellTester.to_example_as_a_non_simple_type_returns_a_new_cell_of_type_string" executed="True" success="True" time="0.002" asserts="4" />
                      <test-case name="StoryTeller.Testing.Engine.CellTester.to_example_as_a_simple_type_returns_self" executed="True" success="True" time="0.000" asserts="1" />
                      <test-case name="StoryTeller.Testing.Engine.CellTester.to_example_as_a_timestamp_returns_self" executed="True" success="True" time="0.000" asserts="1" />
                      <test-case name="StoryTeller.Testing.Engine.CellTester.use_the_default_value_if_the_main_value_is_missing" executed="True" success="True" time="0.002" asserts="1" />
                      <test-case name="StoryTeller.Testing.Engine.CellTester.use_the_default_value_if_the_main_value_is_missing_and_the_cell_is_numeric" executed="True" success="True" time="0.001" asserts="1" />
                      <test-case name="StoryTeller.Testing.Engine.CellTester.verify_the_actual_when_the_expected_is_a_null_negative_case" executed="True" success="True" time="0.001" asserts="1" />
                      <test-case name="StoryTeller.Testing.Engine.CellTester.verify_the_actual_when_the_expected_is_a_null_positive_case" executed="True" success="True" time="0.002" asserts="1" />
                    </results>
                  </test-suite>
                  <test-suite name="CheckGrammarTester" success="True" time="0.040" asserts="0">
                    <results>
                      <test-case name="StoryTeller.Testing.Engine.CheckGrammarTester.happy_path_execute_with_matching_values" executed="True" success="True" time="0.006" asserts="1" />
                      <test-case name="StoryTeller.Testing.Engine.CheckGrammarTester.sad_path_with_exception" executed="True" success="True" time="0.023" asserts="2" />
                      <test-case name="StoryTeller.Testing.Engine.CheckGrammarTester.sad_path_with_incorrect_data" executed="True" success="True" time="0.001" asserts="1" />
                      <test-case name="StoryTeller.Testing.Engine.CheckGrammarTester.sad_path_with_syntax_error" executed="True" success="True" time="0.008" asserts="1" />
                    </results>
                  </test-suite>
                  <test-suite name="ConfigureObjectGrammarTester" success="True" time="0.012" asserts="0">
                    <results>
                      <test-case name="StoryTeller.Testing.Engine.ConfigureObjectGrammarTester.simple_valid_case_of_configure_object_working" executed="True" success="True" time="0.006" asserts="1" />
                      <test-case name="StoryTeller.Testing.Engine.ConfigureObjectGrammarTester.simple_valid_case_should_not_increment_any_of_the_counts" executed="True" success="True" time="0.001" asserts="1" />
                      <test-case name="StoryTeller.Testing.Engine.ConfigureObjectGrammarTester.using_a_default_value" executed="True" success="True" time="0.003" asserts="1" />
                    </results>
                  </test-suite>
                  <test-suite name="Constraints" success="True" time="0.010" asserts="0">
                    <results>
                      <test-suite name="PoliciesTester" success="True" time="0.009" asserts="0">
                        <results>
                          <test-case name="StoryTeller.Testing.Engine.Constraints.PoliciesTester.can_choose_fixture_is_always_false_if_it_is_private" executed="True" success="True" time="0.001" asserts="2" />
                          <test-case name="StoryTeller.Testing.Engine.Constraints.PoliciesTester.hide_grammars" executed="True" success="True" time="0.001" asserts="3" />
                          <test-case name="StoryTeller.Testing.Engine.Constraints.PoliciesTester.tag_and_retrieve_by_grammar" executed="True" success="True" time="0.003" asserts="11" />
                          <test-case name="StoryTeller.Testing.Engine.Constraints.PoliciesTester.tag_and_retrieve_the_main" executed="True" success="True" time="0.001" asserts="7" />
                        </results>
                      </test-suite>
                    </results>
                  </test-suite>
                  <test-suite name="CountsTester" success="True" time="0.008" asserts="0">
                    <results>
                      <test-case name="StoryTeller.Testing.Engine.CountsTester.add_two_counts" executed="True" success="True" time="0.001" asserts="8" />
                      <test-case name="StoryTeller.Testing.Engine.CountsTester.counts_are_all_zero_on_construction" executed="True" success="True" time="0.001" asserts="4" />
                      <test-case name="StoryTeller.Testing.Engine.CountsTester.increment_rights" executed="True" success="True" time="0.001" asserts="3" />
                      <test-case name="StoryTeller.Testing.Engine.CountsTester.increment_wrongs" executed="True" success="True" time="0.001" asserts="3" />
                      <test-case name="StoryTeller.Testing.Engine.CountsTester.is_success" executed="True" success="True" time="0.001" asserts="6" />
                      <test-case name="StoryTeller.Testing.Engine.CountsTester.reset_clears_all_counts_to_zero" executed="True" success="True" time="0.000" asserts="1" />
                    </results>
                  </test-suite>
                  <test-suite name="CreateObjectGrammarTester" success="True" time="0.010" asserts="0">
                    <results>
                      <test-case name="StoryTeller.Testing.Engine.CreateObjectGrammarTester.happy_path_creates_the_object_and_puts_it_on_the_TestContext" executed="True" success="True" time="0.006" asserts="3" />
                      <test-case name="StoryTeller.Testing.Engine.CreateObjectGrammarTester.happy_path_does_not_increment_the_counts" executed="True" success="True" time="0.002" asserts="4" />
                      <test-case name="StoryTeller.Testing.Engine.CreateObjectGrammarTester.uses_the_default_value_when_the_step_value_is_undefined" executed="True" success="True" time="0.002" asserts="3" />
                    </results>
                  </test-suite>
                  <test-suite name="creating_policies_for_fixtures" success="True" time="0.114" asserts="0">
                    <results>
                      <test-case name="StoryTeller.Testing.Engine.creating_policies_for_fixtures.fixture_graph_should_have_the_policies_from_the_original_fixture" executed="True" success="True" time="0.107" asserts="4" />
                      <test-case name="StoryTeller.Testing.Engine.creating_policies_for_fixtures.load_a_fixture_with_fixture_level_tags" executed="True" success="True" time="0.004" asserts="5" />
                      <test-case name="StoryTeller.Testing.Engine.creating_policies_for_fixtures.load_a_fixture_with_grammar_level_tags" executed="True" success="True" time="0.002" asserts="10" />
                    </results>
                  </test-suite>
                  <test-suite name="DecoratedLineGrammarTester" success="True" time="0.006" asserts="0">
                    <results>
                      <test-case name="StoryTeller.Testing.Engine.DecoratedLineGrammarTester.executing_the_grammar_runs_the_before_then_the_inner_grammar_then_the_after" executed="True" success="True" time="0.005" asserts="4" />
                      <test-case name="StoryTeller.Testing.Engine.DecoratedLineGrammarTester.the_template_should_contain_the_prefix_and_suffix_and_the_inner_template" executed="True" success="True" time="0.001" asserts="1" />
                    </results>
                  </test-suite>
                  <test-suite name="default_values" success="True" time="0.001" asserts="0">
                    <results>
                      <test-case name="StoryTeller.Testing.Engine.default_values.the_default_style_should_be_embed" executed="True" success="True" time="0.001" asserts="1" />
                    </results>
                  </test-suite>
                  <test-suite name="DoGrammarTester" success="True" time="0.003" asserts="0">
                    <results>
                      <test-case name="StoryTeller.Testing.Engine.DoGrammarTester.calls_the_action_upon_execute" executed="True" success="True" time="0.002" asserts="1" />
                      <test-case name="StoryTeller.Testing.Engine.DoGrammarTester.creates_a_dogrammar_structure" executed="True" success="True" time="0.001" asserts="2" />
                    </results>
                  </test-suite>
                  <test-suite name="EmbeddedSectionGrammarTester" success="True" time="0.076" asserts="0">
                    <results>
                      <test-case name="StoryTeller.Testing.Engine.EmbeddedSectionGrammarTester.create_an_embeddedSection_grammar_structure" executed="True" success="True" time="0.006" asserts="3" />
                      <test-case name="StoryTeller.Testing.Engine.EmbeddedSectionGrammarTester.execute_runs_the_before_step" executed="True" success="True" time="0.003" asserts="2" />
                      <test-case name="StoryTeller.Testing.Engine.EmbeddedSectionGrammarTester.execute_runs_the_child_steps_within_the_fixture" executed="True" success="True" time="0.046" asserts="0" />
                      <test-case name="StoryTeller.Testing.Engine.EmbeddedSectionGrammarTester.execute_when_the_fixture_setup_fails_should_log_the_exception" executed="True" success="True" time="0.010" asserts="1" />
                      <test-case name="StoryTeller.Testing.Engine.EmbeddedSectionGrammarTester.execute_when_the_fixture_teardown_fails_should_log_the_exception" executed="True" success="True" time="0.006" asserts="2" />
                      <test-case name="StoryTeller.Testing.Engine.EmbeddedSectionGrammarTester.should_copy_the_style_from_the_grammar" executed="True" success="True" time="0.001" asserts="3" />
                      <test-case name="StoryTeller.Testing.Engine.EmbeddedSectionGrammarTester.the_child_step_name_is_the_fixture_alias" executed="True" success="True" time="0.000" asserts="1" />
                      <test-case name="StoryTeller.Testing.Engine.EmbeddedSectionGrammarTester.the_label_is_the_fixture_alias_by_default" executed="True" success="True" time="0.000" asserts="1" />
                    </results>
                  </test-suite>
                  <test-suite name="EmbeddedSectionsTester" success="True" time="0.692" asserts="0">
                    <results>
                      <test-case name="StoryTeller.Testing.Engine.EmbeddedSectionsTester.run_test" executed="True" success="True" time="0.611" asserts="1" />
                      <test-case name="StoryTeller.Testing.Engine.EmbeddedSectionsTester.smoke_test_writing_preview" executed="True" success="True" time="0.039" asserts="1" />
                      <test-case name="StoryTeller.Testing.Engine.EmbeddedSectionsTester.smoke_test_writing_the_results" executed="True" success="True" time="0.041" asserts="1" />
                    </results>
                  </test-suite>
                  <test-suite name="EquivalenceCheckerTester" success="True" time="0.007" asserts="0">
                    <results>
                      <test-case name="StoryTeller.Testing.Engine.EquivalenceCheckerTester.arrays_are_checked_independently_of_order" executed="True" success="True" time="0.003" asserts="3" />
                      <test-case name="StoryTeller.Testing.Engine.EquivalenceCheckerTester.check_a_string" executed="True" success="True" time="0.001" asserts="2" />
                      <test-case name="StoryTeller.Testing.Engine.EquivalenceCheckerTester.expected_is_null" executed="True" success="True" time="0.000" asserts="2" />
                      <test-case name="StoryTeller.Testing.Engine.EquivalenceCheckerTester.use_equatable_if_possible" executed="True" success="True" time="0.001" asserts="2" />
                    </results>
                  </test-suite>
                  <test-suite name="FactGrammarTester" success="True" time="0.006" asserts="0">
                    <results>
                      <test-case name="StoryTeller.Testing.Engine.FactGrammarTester.run_when_the_fact_is_false" executed="True" success="True" time="0.004" asserts="1" />
                      <test-case name="StoryTeller.Testing.Engine.FactGrammarTester.run_when_the_fact_is_true" executed="True" success="True" time="0.001" asserts="1" />
                    </results>
                  </test-suite>
                  <test-suite name="FixtureRegistryTester" success="True" time="0.068" asserts="0">
                    <results>
                      <test-case name="StoryTeller.Testing.Engine.FixtureRegistryTester.add_all_fixtures_from_specified_assembly" executed="True" success="True" time="0.014" asserts="2" />
                      <test-case name="StoryTeller.Testing.Engine.FixtureRegistryTester.add_all_fixtures_from_this_assembly" executed="True" success="True" time="0.014" asserts="2" />
                      <test-case name="StoryTeller.Testing.Engine.FixtureRegistryTester.add_fixture_directly" executed="True" success="True" time="0.003" asserts="2" />
                      <test-case name="StoryTeller.Testing.Engine.FixtureRegistryTester.adds_all_the_startup_actions_from_the_requested_assembly" executed="True" success="True" time="0.033" asserts="3" />
                      <test-case name="StoryTeller.Testing.Engine.FixtureRegistryTester.set_up_a_test_context_and_activate_a_fixture_by_alias" executed="True" success="True" time="0.003" asserts="4" />
                    </results>
                  </test-suite>
                  <test-suite name="FixtureTester" success="True" time="0.022" asserts="0">
                    <results>
                      <test-case name="StoryTeller.Testing.Engine.FixtureTester.add_a_named_grammar" executed="True" success="True" time="0.018" asserts="1" />
                      <test-case name="StoryTeller.Testing.Engine.FixtureTester.adding_a_composite_grammar_programmatically" executed="True" success="True" time="0.001" asserts="3" />
                      <test-case name="StoryTeller.Testing.Engine.FixtureTester.has_a_constraint_model" executed="True" success="True" time="0.001" asserts="2" />
                      <test-case name="StoryTeller.Testing.Engine.FixtureTester.loading_a_fixture_that_is_marked_as_Hidden_sets_the_constraint_to_private" executed="True" success="True" time="0.000" asserts="1" />
                      <test-case name="StoryTeller.Testing.Engine.FixtureTester.loading_a_fixture_that_is_not_marked_as_hidden_should_not_be_private" executed="True" success="True" time="0.000" asserts="1" />
                    </results>
                  </test-suite>
                  <test-suite name="FrameTester" success="True" time="0.004" asserts="0">
                    <results>
                      <test-case name="StoryTeller.Testing.Engine.FrameTester.collapse_is_idempotent" executed="True" success="True" time="0.001" asserts="1" />
                      <test-case name="StoryTeller.Testing.Engine.FrameTester.collapse_with_a_hierarchy" executed="True" success="True" time="0.001" asserts="3" />
                      <test-case name="StoryTeller.Testing.Engine.FrameTester.collapse_with_a_single_child_brings_in_the_exception_text_and_removes_the_child" executed="True" success="True" time="0.000" asserts="2" />
                      <test-case name="StoryTeller.Testing.Engine.FrameTester.collapse_with_no_child_does_nothing_and_does_not_blow_up" executed="True" success="True" time="0.000" asserts="0" />
                    </results>
                  </test-suite>
                  <test-suite name="GrammarBuilderTester" success="True" time="0.022" asserts="0">
                    <results>
                      <test-case name="StoryTeller.Testing.Engine.GrammarBuilderTester.build_a_grammar_for_a_bool_method" executed="True" success="True" time="0.004" asserts="2" />
                      <test-case name="StoryTeller.Testing.Engine.GrammarBuilderTester.build_a_grammar_for_a_method_that_returns_a_grammar" executed="True" success="True" time="0.001" asserts="2" />
                      <test-case name="StoryTeller.Testing.Engine.GrammarBuilderTester.build_a_grammar_for_a_method_that_returns_a_primitive" executed="True" success="True" time="0.008" asserts="2" />
                      <test-case name="StoryTeller.Testing.Engine.GrammarBuilderTester.build_a_grammar_for_a_void_method" executed="True" success="True" time="0.002" asserts="2" />
                      <test-case name="StoryTeller.Testing.Engine.GrammarBuilderTester.get_the_name_using_convention_if_the_alias_as_attribute_does_not_exist" executed="True" success="True" time="0.001" asserts="1" />
                      <test-case name="StoryTeller.Testing.Engine.GrammarBuilderTester.get_the_name_using_the_alias_attribute_if_it_exists" executed="True" success="True" time="0.000" asserts="1" />
                      <test-case name="StoryTeller.Testing.Engine.GrammarBuilderTester.has_the_aliased_method" executed="True" success="True" time="0.001" asserts="2" />
                      <test-case name="StoryTeller.Testing.Engine.GrammarBuilderTester.has_the_correct_number_of_grammars" executed="True" success="True" time="0.001" asserts="1" />
                      <test-case name="StoryTeller.Testing.Engine.GrammarBuilderTester.has_the_method_built_grammar" executed="True" success="True" time="0.001" asserts="2" />
                    </results>
                  </test-suite>
                  <test-suite name="HtmlWriterTester" success="True" time="1.051" asserts="0">
                    <results>
                      <test-case name="StoryTeller.Testing.Engine.HtmlWriterTester.give_it_a_whirl" executed="True" success="True" time="0.007" asserts="0" />
                      <test-case name="StoryTeller.Testing.Engine.HtmlWriterTester.try_to_write_table" executed="True" success="True" time="1.043" asserts="0" />
                    </results>
                  </test-suite>
                  <test-suite name="LibraryBuilderTester" success="True" time="0.020" asserts="0">
                    <results>
                      <test-case name="StoryTeller.Testing.Engine.LibraryBuilderTester.read_a_fixture_failure" executed="True" success="True" time="0.006" asserts="3" />
                      <test-case name="StoryTeller.Testing.Engine.LibraryBuilderTester.read_a_fixture_will_record_the_Title_of_the_fixture_if_it_is_explicitly_set" executed="True" success="True" time="0.002" asserts="1" />
                      <test-case name="StoryTeller.Testing.Engine.LibraryBuilderTester.read_a_fixture_will_use_the_fixture_name_for_the_title_if_the_fixture_title_is_empty" executed="True" success="True" time="0.001" asserts="1" />
                      <test-case name="StoryTeller.Testing.Engine.LibraryBuilderTester.read_a_fixture_with_grammar_errors" executed="True" success="True" time="0.005" asserts="4" />
                      <test-case name="StoryTeller.Testing.Engine.LibraryBuilderTester.reading_a_fixture_failure_will_send_a_reading_fixture_message" executed="True" success="True" time="0.003" asserts="0" />
                      <test-case name="StoryTeller.Testing.Engine.LibraryBuilderTester.reading_a_fixture_will_send_a_message_to_the_observer" executed="True" success="True" time="0.002" asserts="0" />
                    </results>
                  </test-suite>
                  <test-suite name="ObjectFinderTester" success="True" time="0.132" asserts="0">
                    <results>
                      <test-case name="StoryTeller.Testing.Engine.ObjectFinderTester.a_guid" executed="True" success="True" time="0.004" asserts="4" />
                      <test-case name="StoryTeller.Testing.Engine.ObjectFinderTester.array_of_non_simple_type_that_does_not_have_a_finder_cannot_be_parsed" executed="True" success="True" time="0.001" asserts="1" />
                      <test-case name="StoryTeller.Testing.Engine.ObjectFinderTester.array_of_non_simple_type_that_has_a_finder_can_be_parsed" executed="True" success="True" time="0.003" asserts="1" />
                      <test-case name="StoryTeller.Testing.Engine.ObjectFinderTester.datetimes_can_be_parsed" executed="True" success="True" time="0.001" asserts="2" />
                      <test-case name="StoryTeller.Testing.Engine.ObjectFinderTester.enumerable_of_non_simple_type_that_does_not_have_a_finder_cannot_be_parsed" executed="True" success="True" time="0.001" asserts="1" />
                      <test-case name="StoryTeller.Testing.Engine.ObjectFinderTester.enumerable_of_non_simple_type_that_has_a_finder_can_be_parsed" executed="True" success="True" time="0.002" asserts="1" />
                      <test-case name="StoryTeller.Testing.Engine.ObjectFinderTester.enumerable_of_non_simple_type_that_has_a_finder_can_be_resolved" executed="True" success="True" time="0.006" asserts="7" />
                      <test-case name="StoryTeller.Testing.Engine.ObjectFinderTester.enumeration_can_be_parsed" executed="True" success="True" time="0.001" asserts="2" />
                      <test-case name="StoryTeller.Testing.Engine.ObjectFinderTester.get_date_time_for_day_and_time" executed="True" success="True" time="0.003" asserts="3" />
                      <test-case name="StoryTeller.Testing.Engine.ObjectFinderTester.get_date_time_for_day_and_time_2" executed="True" success="True" time="0.001" asserts="3" />
                      <test-case name="StoryTeller.Testing.Engine.ObjectFinderTester.get_date_time_for_day_and_time_3" executed="True" success="True" time="0.002" asserts="3" />
                      <test-case name="StoryTeller.Testing.Engine.ObjectFinderTester.get_date_time_from_24_hour_time" executed="True" success="True" time="0.001" asserts="1" />
                      <test-case name="StoryTeller.Testing.Engine.ObjectFinderTester.get_EMPTY_as_an_empty_array" executed="True" success="True" time="0.001" asserts="6" />
                      <test-case name="StoryTeller.Testing.Engine.ObjectFinderTester.get_enumeration_value" executed="True" success="True" time="0.003" asserts="1" />
                      <test-case name="StoryTeller.Testing.Engine.ObjectFinderTester.get_nullable_enumeration_value" executed="True" success="True" time="0.002" asserts="2" />
                      <test-case name="StoryTeller.Testing.Engine.ObjectFinderTester.get_string_array" executed="True" success="True" time="0.003" asserts="1" />
                      <test-case name="StoryTeller.Testing.Engine.ObjectFinderTester.get_string_enumerable" executed="True" success="True" time="0.002" asserts="7" />
                      <test-case name="StoryTeller.Testing.Engine.ObjectFinderTester.non_simple_type_that_does_not_have_a_finder_cannot_be_parsed" executed="True" success="True" time="0.001" asserts="1" />
                      <test-case name="StoryTeller.Testing.Engine.ObjectFinderTester.non_simple_type_that_has_a_finder_can_be_parsed" executed="True" success="True" time="0.002" asserts="1" />
                      <test-case name="StoryTeller.Testing.Engine.ObjectFinderTester.nullable_enumeration_can_be_parsed" executed="True" success="True" time="0.001" asserts="1" />
                      <test-case name="StoryTeller.Testing.Engine.ObjectFinderTester.nullables_can_be_parsed" executed="True" success="True" time="0.001" asserts="3" />
                      <test-case name="StoryTeller.Testing.Engine.ObjectFinderTester.parse_a_boolean" executed="True" success="True" time="0.002" asserts="4" />
                      <test-case name="StoryTeller.Testing.Engine.ObjectFinderTester.parse_a_nullable_boolean" executed="True" success="True" time="0.002" asserts="5" />
                      <test-case name="StoryTeller.Testing.Engine.ObjectFinderTester.parse_a_number" executed="True" success="True" time="0.001" asserts="3" />
                      <test-case name="StoryTeller.Testing.Engine.ObjectFinderTester.parse_a_string" executed="True" success="True" time="0.001" asserts="3" />
                      <test-case name="StoryTeller.Testing.Engine.ObjectFinderTester.parse_date" executed="True" success="True" time="0.001" asserts="1" />
                      <test-case name="StoryTeller.Testing.Engine.ObjectFinderTester.parse_nullable_date" executed="True" success="True" time="0.001" asserts="1" />
                      <test-case name="StoryTeller.Testing.Engine.ObjectFinderTester.parse_timespan_as_days" executed="True" success="True" time="0.017" asserts="1" />
                      <test-case name="StoryTeller.Testing.Engine.ObjectFinderTester.parse_timespan_as_hours" executed="True" success="True" time="0.002" asserts="1" />
                      <test-case name="StoryTeller.Testing.Engine.ObjectFinderTester.parse_timespan_as_minutes" executed="True" success="True" time="0.001" asserts="1" />
                      <test-case name="StoryTeller.Testing.Engine.ObjectFinderTester.parse_timespan_as_seconds" executed="True" success="True" time="0.001" asserts="1" />
                      <test-case name="StoryTeller.Testing.Engine.ObjectFinderTester.parse_timespan_in_dotnet_format" executed="True" success="True" time="0.001" asserts="1" />
                      <test-case name="StoryTeller.Testing.Engine.ObjectFinderTester.parse_timespan_with_unrecognized_units" executed="True" success="True" time="0.002" asserts="1" />
                      <test-case name="StoryTeller.Testing.Engine.ObjectFinderTester.parse_today" executed="True" success="True" time="0.001" asserts="1" />
                      <test-case name="StoryTeller.Testing.Engine.ObjectFinderTester.parse_today_minus_date" executed="True" success="True" time="0.001" asserts="1" />
                      <test-case name="StoryTeller.Testing.Engine.ObjectFinderTester.parse_today_plus_date" executed="True" success="True" time="0.002" asserts="1" />
                      <test-case name="StoryTeller.Testing.Engine.ObjectFinderTester.parsing_a_nullable_should_use_the_finder_for_the_inner_type" executed="True" success="True" time="0.005" asserts="4" />
                      <test-case name="StoryTeller.Testing.Engine.ObjectFinderTester.primitive_array_can_be_parsed" executed="True" success="True" time="0.001" asserts="3" />
                      <test-case name="StoryTeller.Testing.Engine.ObjectFinderTester.primitives_can_be_parsed" executed="True" success="True" time="0.001" asserts="3" />
                      <test-case name="StoryTeller.Testing.Engine.ObjectFinderTester.register_and_retrieve_from_a_custom_finder_method" executed="True" success="True" time="0.003" asserts="1" />
                      <test-case name="StoryTeller.Testing.Engine.ObjectFinderTester.register_and_retrieve_from_a_custom_finder_method_as_array" executed="True" success="True" time="0.003" asserts="1" />
                      <test-case name="StoryTeller.Testing.Engine.ObjectFinderTester.testcontext_can_not_be_parsed" executed="True" success="True" time="0.001" asserts="1" />
                    </results>
                  </test-suite>
                  <test-suite name="Reflection" success="True" time="0.018" asserts="0">
                    <results>
                      <test-suite name="MethodExtensionsTester" success="True" time="0.018" asserts="0">
                        <results>
                          <test-case name="StoryTeller.Testing.Engine.Reflection.MethodExtensionsTester.argument_cells_are_not_a_result" executed="True" success="True" time="0.002" asserts="2" />
                          <test-case name="StoryTeller.Testing.Engine.Reflection.MethodExtensionsTester.get_template_for_a_method_that_returns_a_value_and_an_exception" executed="True" success="True" time="0.001" asserts="1" />
                          <test-case name="StoryTeller.Testing.Engine.Reflection.MethodExtensionsTester.get_template_for_a_method_with_a_return_value_and_no_attribute" executed="True" success="True" time="0.001" asserts="1" />
                          <test-case name="StoryTeller.Testing.Engine.Reflection.MethodExtensionsTester.get_template_for_a_method_with_a_return_value_and_no_attribute_for_the_format_but_an_attribute_for_the_return_value" executed="True" success="True" time="0.001" asserts="1" />
                          <test-case name="StoryTeller.Testing.Engine.Reflection.MethodExtensionsTester.get_template_for_the_method_if_attribute_is_found" executed="True" success="True" time="0.001" asserts="1" />
                          <test-case name="StoryTeller.Testing.Engine.Reflection.MethodExtensionsTester.get_template_for_the_method_if_no_attribute_is_found" executed="True" success="True" time="0.001" asserts="1" />
                          <test-case name="StoryTeller.Testing.Engine.Reflection.MethodExtensionsTester.get_the_argument_cells_for_a_method" executed="True" success="True" time="0.003" asserts="0" />
                          <test-case name="StoryTeller.Testing.Engine.Reflection.MethodExtensionsTester.get_the_argument_cells_for_a_method_that_has_a_non_primitive" executed="True" success="True" time="0.002" asserts="0" />
                          <test-case name="StoryTeller.Testing.Engine.Reflection.MethodExtensionsTester.get_the_return_cell_with_a_return_alias" executed="True" success="True" time="0.001" asserts="1" />
                          <test-case name="StoryTeller.Testing.Engine.Reflection.MethodExtensionsTester.get_the_return_cell_without_a_return_alias" executed="True" success="True" time="0.001" asserts="1" />
                          <test-case name="StoryTeller.Testing.Engine.Reflection.MethodExtensionsTester.get_the_return_value_name" executed="True" success="True" time="0.002" asserts="2" />
                          <test-case name="StoryTeller.Testing.Engine.Reflection.MethodExtensionsTester.the_return_cell_is_a_result_cell" executed="True" success="True" time="0.001" asserts="1" />
                        </results>
                      </test-suite>
                    </results>
                  </test-suite>
                  <test-suite name="ReflectionActionTester" success="True" time="0.028" asserts="0">
                    <results>
                      <test-case name="StoryTeller.Testing.Engine.ReflectionActionTester.creates_grammar_structure" executed="True" success="True" time="0.004" asserts="3" />
                      <test-case name="StoryTeller.Testing.Engine.ReflectionActionTester.execute_the_void_action_and_missing_an_argument" executed="True" success="True" time="0.003" asserts="1" />
                      <test-case name="StoryTeller.Testing.Engine.ReflectionActionTester.execute_the_void_action_that_would_catch_an_exception" executed="True" success="True" time="0.004" asserts="2" />
                      <test-case name="StoryTeller.Testing.Engine.ReflectionActionTester.execute_the_void_action_with_a_parse_error" executed="True" success="True" time="0.005" asserts="0" />
                      <test-case name="StoryTeller.Testing.Engine.ReflectionActionTester.execute_the_void_action_with_all_the_arguments" executed="True" success="True" time="0.003" asserts="2" />
                      <test-case name="StoryTeller.Testing.Engine.ReflectionActionTester.executing_with_an_exception_in_the_target_method_increments_the_exception_count" executed="True" success="True" time="0.002" asserts="1" />
                      <test-case name="StoryTeller.Testing.Engine.ReflectionActionTester.get_template_for_the_method_if_attribute_is_found" executed="True" success="True" time="0.002" asserts="1" />
                      <test-case name="StoryTeller.Testing.Engine.ReflectionActionTester.get_template_for_the_method_if_no_attribute_is_found" executed="True" success="True" time="0.001" asserts="1" />
                      <test-case name="StoryTeller.Testing.Engine.ReflectionActionTester.ignores_Testcontext_and_non_simple_types_when_building_a_grammar_structure" executed="True" success="True" time="0.002" asserts="3" />
                    </results>
                  </test-suite>
                  <test-suite name="ReflectionAssertionTester" success="True" time="0.020" asserts="0">
                    <results>
                      <test-case name="StoryTeller.Testing.Engine.ReflectionAssertionTester.cannot_make_an_assertion_out_of_a_method_that_does_not_return_bool" executed="True" success="True" time="0.006" asserts="0" />
                      <test-case name="StoryTeller.Testing.Engine.ReflectionAssertionTester.execute_successfully" executed="True" success="True" time="0.005" asserts="3" />
                      <test-case name="StoryTeller.Testing.Engine.ReflectionAssertionTester.execute_with_exception" executed="True" success="True" time="0.003" asserts="4" />
                      <test-case name="StoryTeller.Testing.Engine.ReflectionAssertionTester.execute_with_false" executed="True" success="True" time="0.003" asserts="3" />
                      <test-case name="StoryTeller.Testing.Engine.ReflectionAssertionTester.get_the_cells" executed="True" success="True" time="0.002" asserts="0" />
                    </results>
                  </test-suite>
                  <test-suite name="ReflectionValueCheckTester" success="True" time="0.011" asserts="0">
                    <results>
                      <test-case name="StoryTeller.Testing.Engine.ReflectionValueCheckTester.create_a_grammar_structure" executed="True" success="True" time="0.002" asserts="3" />
                      <test-case name="StoryTeller.Testing.Engine.ReflectionValueCheckTester.execute_the_method_with_a_step_and_store_the_actual" executed="True" success="True" time="0.004" asserts="1" />
                      <test-case name="StoryTeller.Testing.Engine.ReflectionValueCheckTester.marks_the_testdata_with_right_if_the_actual_matches_the_expected" executed="True" success="True" time="0.002" asserts="1" />
                      <test-case name="StoryTeller.Testing.Engine.ReflectionValueCheckTester.marks_the_testdata_with_wrong_if_the_actual_is_wrong" executed="True" success="True" time="0.002" asserts="1" />
                    </results>
                  </test-suite>
                  <test-suite name="SectionTester" success="True" time="0.073" asserts="0">
                    <results>
                      <test-case name="StoryTeller.Testing.Engine.SectionTester.accept_visitor_calls_into_steps_as_well" executed="True" success="True" time="0.037" asserts="0" />
                      <test-case name="StoryTeller.Testing.Engine.SectionTester.accept_visitor_calls_the_right_method" executed="True" success="True" time="0.001" asserts="0" />
                      <test-case name="StoryTeller.Testing.Engine.SectionTester.add_comment" executed="True" success="True" time="0.001" asserts="4" />
                      <test-case name="StoryTeller.Testing.Engine.SectionTester.GetName_is_the_Label_if_it_exists" executed="True" success="True" time="0.001" asserts="1" />
                      <test-case name="StoryTeller.Testing.Engine.SectionTester.GetName_uses_the_fixture_name_if_it_exists" executed="True" success="True" time="0.001" asserts="1" />
                      <test-case name="StoryTeller.Testing.Engine.SectionTester.GetName_uses_the_name_property_from_the_fixture_object" executed="True" success="True" time="0.000" asserts="1" />
                      <test-case name="StoryTeller.Testing.Engine.SectionTester.section_starts_the_new_fixture" executed="True" success="True" time="0.027" asserts="0" />
                      <test-case name="StoryTeller.Testing.Engine.SectionTester.section_starts_the_new_fixture_on_execute_by_key" executed="True" success="True" time="0.002" asserts="0" />
                    </results>
                  </test-suite>
                  <test-suite name="SelectionListTester" success="True" time="0.008" asserts="0">
                    <results>
                      <test-case name="StoryTeller.Testing.Engine.SelectionListTester.read_explicit_selection_values_on_return_value" executed="True" success="True" time="0.002" asserts="7" />
                      <test-case name="StoryTeller.Testing.Engine.SelectionListTester.read_on_sentence_by_explicit_list" executed="True" success="True" time="0.001" asserts="7" />
                      <test-case name="StoryTeller.Testing.Engine.SelectionListTester.read_on_sentence_by_key" executed="True" success="True" time="0.001" asserts="8" />
                      <test-case name="StoryTeller.Testing.Engine.SelectionListTester.read_on_table" executed="True" success="True" time="0.001" asserts="7" />
                      <test-case name="StoryTeller.Testing.Engine.SelectionListTester.read_values_on_return_value_by_key" executed="True" success="True" time="0.001" asserts="8" />
                    </results>
                  </test-suite>
                  <test-suite name="SelectionValueAttributeTester" success="True" time="0.003" asserts="0">
                    <results>
                      <test-case name="StoryTeller.Testing.Engine.SelectionValueAttributeTester.set_the_list_value_when_the_attribute_has_the_values_set_explicitly" executed="True" success="True" time="0.001" asserts="5" />
                      <test-case name="StoryTeller.Testing.Engine.SelectionValueAttributeTester.set_the_list_value_when_the_attribute_only_has_the_key_value" executed="True" success="True" time="0.000" asserts="6" />
                    </results>
                  </test-suite>
                  <test-suite name="ServiceActionGrammarTester" success="True" time="0.064" asserts="0">
                    <results>
                      <test-case name="StoryTeller.Testing.Engine.ServiceActionGrammarTester.create_a_grammar_structure" executed="True" success="True" time="0.002" asserts="3" />
                      <test-case name="StoryTeller.Testing.Engine.ServiceActionGrammarTester.execute_picks_up_the_correct_cell" executed="True" success="True" time="0.034" asserts="0" />
                      <test-case name="StoryTeller.Testing.Engine.ServiceActionGrammarTester.GetCells" executed="True" success="True" time="0.000" asserts="2" />
                      <test-case name="StoryTeller.Testing.Engine.ServiceActionGrammarTester.run_from_fixture_expression_with_an_input" executed="True" success="True" time="0.006" asserts="2" />
                      <test-case name="StoryTeller.Testing.Engine.ServiceActionGrammarTester.run_from_fixture_expression_with_an_input_that_uses_the_test_context" executed="True" success="True" time="0.007" asserts="1" />
                      <test-case name="StoryTeller.Testing.Engine.ServiceActionGrammarTester.run_from_fixture_expression_with_an_input_that_uses_the_test_context_2" executed="True" success="True" time="0.006" asserts="1" />
                      <test-case name="StoryTeller.Testing.Engine.ServiceActionGrammarTester.run_from_the_fixture_expression_with_no_inputs" executed="True" success="True" time="0.004" asserts="2" />
                    </results>
                  </test-suite>
                  <test-suite name="ServiceAssertionGrammarTester" success="True" time="0.009" asserts="0">
                    <results>
                      <test-case name="StoryTeller.Testing.Engine.ServiceAssertionGrammarTester.create_a_grammar_structure" executed="True" success="True" time="0.002" asserts="3" />
                      <test-case name="StoryTeller.Testing.Engine.ServiceAssertionGrammarTester.execute_records_the_actual" executed="True" success="True" time="0.004" asserts="2" />
                      <test-case name="StoryTeller.Testing.Engine.ServiceAssertionGrammarTester.GetCells" executed="True" success="True" time="0.001" asserts="3" />
                    </results>
                  </test-suite>
                  <test-suite name="SetPropertyGrammarTester" success="True" time="0.014" asserts="0">
                    <results>
                      <test-case name="StoryTeller.Testing.Engine.SetPropertyGrammarTester.create_a_grammar_structure" executed="True" success="True" time="0.002" asserts="3" />
                      <test-case name="StoryTeller.Testing.Engine.SetPropertyGrammarTester.sets_a_numeric_property_happy_path" executed="True" success="True" time="0.002" asserts="1" />
                      <test-case name="StoryTeller.Testing.Engine.SetPropertyGrammarTester.sets_a_numeric_property_happy_path_with_a_default_value" executed="True" success="True" time="0.002" asserts="1" />
                      <test-case name="StoryTeller.Testing.Engine.SetPropertyGrammarTester.sets_a_simple_property_happy_path" executed="True" success="True" time="0.001" asserts="1" />
                      <test-case name="StoryTeller.Testing.Engine.SetPropertyGrammarTester.try_to_set_property_when_the_current_object_is_missing" executed="True" success="True" time="0.003" asserts="1" />
                    </results>
                  </test-suite>
                  <test-suite name="Sets" success="True" time="0.833" asserts="0">
                    <results>
                      <test-suite name="can_compare_nulls_and_blanks" success="True" time="0.036" asserts="0">
                        <results>
                          <test-case name="StoryTeller.Testing.Engine.Sets.can_compare_nulls_and_blanks.should_have_succeeded" executed="True" success="True" time="0.031" asserts="1" />
                          <test-case name="StoryTeller.Testing.Engine.Sets.can_compare_nulls_and_blanks.the_results_should_completely_match" executed="True" success="True" time="0.004" asserts="1" />
                        </results>
                      </test-suite>
                      <test-suite name="DataColumnMatchTester" success="True" time="0.138" asserts="0">
                        <results>
                          <test-case name="StoryTeller.Testing.Engine.Sets.DataColumnMatchTester.get_cell" executed="True" success="True" time="0.125" asserts="4" />
                          <test-case name="StoryTeller.Testing.Engine.Sets.DataColumnMatchTester.read_step_successfully_if_it_exists_and_is_formatted_correctly" executed="True" success="True" time="0.003" asserts="6" />
                          <test-case name="StoryTeller.Testing.Engine.Sets.DataColumnMatchTester.read_the_actual_values" executed="True" success="True" time="0.008" asserts="6" />
                        </results>
                      </test-suite>
                      <test-suite name="DataRowSetTesting" success="True" time="0.159" asserts="0">
                        <results>
                          <test-case name="StoryTeller.Testing.Engine.Sets.DataRowSetTesting.run_a_test_with_a_fixture_defined_with_a_grammar_that_does_not_have_before_steps_that_does_not_match" executed="True" success="True" time="0.050" asserts="1" />
                          <test-case name="StoryTeller.Testing.Engine.Sets.DataRowSetTesting.run_a_test_with_a_fixture_defined_with_a_grammar_that_does_not_have_before_steps_that_does_not_match_2" executed="True" success="True" time="0.035" asserts="1" />
                          <test-case name="StoryTeller.Testing.Engine.Sets.DataRowSetTesting.run_a_test_with_a_fixture_defined_with_a_grammar_that_has_before_steps" executed="True" success="True" time="0.033" asserts="1" />
                          <test-case name="StoryTeller.Testing.Engine.Sets.DataRowSetTesting.run_a_test_with_a_fixture_defined_with_a_grammar_that_has_before_steps_that_does_not_match" executed="True" success="True" time="0.041" asserts="1" />
                        </results>
                      </test-suite>
                      <test-suite name="ObjectComparerTester" success="True" time="0.003" asserts="0">
                        <results>
                          <test-case name="StoryTeller.Testing.Engine.Sets.ObjectComparerTester.get_cells_has_a_cell_for_each_property" executed="True" success="True" time="0.002" asserts="0" />
                        </results>
                      </test-suite>
                      <test-suite name="PropertyMatchTester" success="True" time="0.012" asserts="0">
                        <results>
                          <test-case name="StoryTeller.Testing.Engine.Sets.PropertyMatchTester.builds_the_correct_cell" executed="True" success="True" time="0.001" asserts="1" />
                          <test-case name="StoryTeller.Testing.Engine.Sets.PropertyMatchTester.read_correctly_formatted_step_value" executed="True" success="True" time="0.006" asserts="1" />
                          <test-case name="StoryTeller.Testing.Engine.Sets.PropertyMatchTester.read_incorrectly_formatted_step_value_increments_syntax_error" executed="True" success="True" time="0.002" asserts="1" />
                          <test-case name="StoryTeller.Testing.Engine.Sets.PropertyMatchTester.reads_actual_off_the_target_object" executed="True" success="True" time="0.001" asserts="1" />
                        </results>
                      </test-suite>
                      <test-suite name="SetRowTester" success="True" time="0.019" asserts="0">
                        <results>
                          <test-case name="StoryTeller.Testing.Engine.Sets.SetRowTester.matches_is_false_for_two_properties" executed="True" success="True" time="0.002" asserts="1" />
                          <test-case name="StoryTeller.Testing.Engine.Sets.SetRowTester.matches_is_false_when_a_property_is_missing_in_the_expected" executed="True" success="True" time="0.001" asserts="1" />
                          <test-case name="StoryTeller.Testing.Engine.Sets.SetRowTester.matches_is_false_when_the_matcher_has_overriden_the_comparison_mechanism" executed="True" success="True" time="0.003" asserts="1" />
                          <test-case name="StoryTeller.Testing.Engine.Sets.SetRowTester.matches_is_true_when_the_matcher_has_overriden_comparison_mechanism" executed="True" success="True" time="0.002" asserts="1" />
                          <test-case name="StoryTeller.Testing.Engine.Sets.SetRowTester.matches_is_true_with_two_properties" executed="True" success="True" time="0.002" asserts="1" />
                          <test-case name="StoryTeller.Testing.Engine.Sets.SetRowTester.never_matches_if_there_are_missing_values" executed="True" success="True" time="0.002" asserts="1" />
                        </results>
                      </test-suite>
                      <test-suite name="SetVerificationTesting" success="True" time="0.269" asserts="0">
                        <results>
                          <test-case name="StoryTeller.Testing.Engine.Sets.SetVerificationTesting.run_a_completely_matching_test_1" executed="True" success="True" time="0.037" asserts="1" />
                          <test-case name="StoryTeller.Testing.Engine.Sets.SetVerificationTesting.run_a_completely_matching_test_2" executed="True" success="True" time="0.033" asserts="1" />
                          <test-case name="StoryTeller.Testing.Engine.Sets.SetVerificationTesting.run_a_test_with_a_fixture_defined_with_a_grammar_that_has_before_steps" executed="True" success="True" time="0.035" asserts="1" />
                          <test-case name="StoryTeller.Testing.Engine.Sets.SetVerificationTesting.run_a_test_with_all_matches_but_in_wrong_order" executed="True" success="True" time="0.038" asserts="1" />
                          <test-case name="StoryTeller.Testing.Engine.Sets.SetVerificationTesting.run_a_test_with_matches_and_missing_and_extras" executed="True" success="True" time="0.034" asserts="1" />
                          <test-case name="StoryTeller.Testing.Engine.Sets.SetVerificationTesting.run_a_test_with_one_extra_row" executed="True" success="True" time="0.034" asserts="1" />
                          <test-case name="StoryTeller.Testing.Engine.Sets.SetVerificationTesting.run_a_test_with_one_missing_expected_row" executed="True" success="True" time="0.036" asserts="1" />
                          <test-case name="StoryTeller.Testing.Engine.Sets.SetVerificationTesting.smoke_test_writing_preview" executed="True" success="True" time="0.008" asserts="3" />
                          <test-case name="StoryTeller.Testing.Engine.Sets.SetVerificationTesting.smoke_test_writing_results" executed="True" success="True" time="0.006" asserts="3" />
                          <test-case name="StoryTeller.Testing.Engine.Sets.SetVerificationTesting.the_context_should_not_show_up_in_example" executed="True" success="True" time="0.003" asserts="1" />
                          <test-case name="StoryTeller.Testing.Engine.Sets.SetVerificationTesting.when_writing_the_grammar_structure" executed="True" success="True" time="0.004" asserts="3" />
                        </results>
                      </test-suite>
                      <test-suite name="StringComparerTester" success="True" time="0.105" asserts="0">
                        <results>
                          <test-case name="StoryTeller.Testing.Engine.Sets.StringComparerTester.get_cells_gets_one_cell_with_string_and_step_name_looking_for_expected" executed="True" success="True" time="0.001" asserts="1" />
                          <test-case name="StoryTeller.Testing.Engine.Sets.StringComparerTester.returns_itself_as_the_only_property" executed="True" success="True" time="0.001" asserts="2" />
                          <test-case name="StoryTeller.Testing.Engine.Sets.StringComparerTester.run_integrated_fail_with_extra_data" executed="True" success="True" time="0.034" asserts="1" />
                          <test-case name="StoryTeller.Testing.Engine.Sets.StringComparerTester.run_integrated_fail_with_missing_data" executed="True" success="True" time="0.033" asserts="1" />
                          <test-case name="StoryTeller.Testing.Engine.Sets.StringComparerTester.run_integrated_success" executed="True" success="True" time="0.033" asserts="1" />
                          <test-case name="StoryTeller.Testing.Engine.Sets.StringComparerTester.when_creating_the_actual_row" executed="True" success="True" time="0.000" asserts="1" />
                          <test-case name="StoryTeller.Testing.Engine.Sets.StringComparerTester.when_creating_the_expected_row" executed="True" success="True" time="0.002" asserts="1" />
                        </results>
                      </test-suite>
                      <test-suite name="when_doing_set_verification_with_missing_rows" success="True" time="0.010" asserts="0">
                        <results>
                          <test-case name="StoryTeller.Testing.Engine.Sets.when_doing_set_verification_with_missing_rows.should_be_in_the_order_of_the_expected_set" executed="True" success="True" time="0.005" asserts="5" />
                          <test-case name="StoryTeller.Testing.Engine.Sets.when_doing_set_verification_with_missing_rows.should_have_rows_for_all_the_expected_rows" executed="True" success="True" time="0.001" asserts="1" />
                          <test-case name="StoryTeller.Testing.Engine.Sets.when_doing_set_verification_with_missing_rows.the_missing_rows_should_be_tagged_as_missing" executed="True" success="True" time="0.002" asserts="1" />
                        </results>
                      </test-suite>
                      <test-suite name="when_matching_exactly" success="True" time="0.005" asserts="0">
                        <results>
                          <test-case name="StoryTeller.Testing.Engine.Sets.when_matching_exactly.each_row_in_the_result_should_be_a_match" executed="True" success="True" time="0.002" asserts="3" />
                          <test-case name="StoryTeller.Testing.Engine.Sets.when_matching_exactly.the_count_should_be_exactly_the_same_number_as_expected" executed="True" success="True" time="0.001" asserts="1" />
[...]
                          <test-case name="StoryTeller.Testing.UserInterface.Workspace.when_starting_to_select_workspaces.should_register_a_control_for_each_workspace" executed="True" success="True" time="0.003" asserts="0" />
                          <test-case name="StoryTeller.Testing.UserInterface.Workspace.when_starting_to_select_workspaces.should_show_the_dialog" executed="True" success="True" time="0.003" asserts="0" />
                        </results>
                      </test-suite>
                      <test-suite name="when_starting_up" success="True" time="0.002" asserts="0">
                        <results>
                          <test-case name="StoryTeller.Testing.UserInterface.Workspace.when_starting_up.should_hide_the_workspace_selector_menu" executed="True" success="True" time="0.002" asserts="0" />
                        </results>
                      </test-suite>
                      <test-suite name="WorkspaceItemTester" success="True" time="0.005" asserts="0">
                        <results>
                          <test-case name="StoryTeller.Testing.UserInterface.Workspace.WorkspaceItemTester.create_a_non_selected_workspace_item" executed="True" success="True" time="0.001" asserts="4" />
                          <test-case name="StoryTeller.Testing.UserInterface.Workspace.WorkspaceItemTester.create_a_selected_workspace_item" executed="True" success="True" time="0.000" asserts="4" />
                          <test-case name="StoryTeller.Testing.UserInterface.Workspace.WorkspaceItemTester.should_expose_the_selected_value" executed="True" success="True" time="0.001" asserts="7" />
                          <test-case name="StoryTeller.Testing.UserInterface.Workspace.WorkspaceItemTester.should_put_the_workspace_name_in_the_label" executed="True" success="True" time="0.000" asserts="3" />
                          <test-case name="StoryTeller.Testing.UserInterface.Workspace.WorkspaceItemTester.should_remember_the_workspace_name" executed="True" success="True" time="0.001" asserts="1" />
                        </results>
                      </test-suite>
                    </results>
                  </test-suite>
                </results>
              </test-suite>
              <test-suite name="when_finding_the_first_key" success="True" time="0.001" asserts="0">
                <results>
                  <test-case name="StoryTeller.Testing.when_finding_the_first_key.the_first_key" executed="True" success="True" time="0.000" asserts="1" />
                </results>
              </test-suite>
              <test-suite name="when_reading_an_invalid_format" success="True" time="0.003" asserts="0">
                <results>
                  <test-case name="StoryTeller.Testing.when_reading_an_invalid_format.exception_message_should_specify_missing_and_extra" executed="True" success="True" time="0.001" asserts="1" />
                  <test-case name="StoryTeller.Testing.when_reading_an_invalid_format.should_throw_an_exception_with_both_extra_and_missing_values" executed="True" success="True" time="0.001" asserts="1" />
                  <test-case name="StoryTeller.Testing.when_reading_an_invalid_format.should_throw_an_exception_with_extra_values" executed="True" success="True" time="0.000" asserts="1" />
                  <test-case name="StoryTeller.Testing.when_reading_an_invalid_format.should_throw_an_exception_with_missing_values" executed="True" success="True" time="0.001" asserts="1" />
                </results>
              </test-suite>
              <test-suite name="Workspace" success="True" time="14.723" asserts="0">
                <results>
                  <test-suite name="FileSystemTester" success="True" time="0.114" asserts="0">
                    <results>
                      <test-case name="StoryTeller.Testing.Workspace.FileSystemTester.GetSubfoldersForADirectory" executed="True" success="True" time="0.002" asserts="3" />
                      <test-case name="StoryTeller.Testing.Workspace.FileSystemTester.GetSubFoldersShouldNotReturnHiddenDirectoriesEvenIfTheyHaveOtherAttributes" executed="True" success="True" time="0.003" asserts="2" />
                      <test-case name="StoryTeller.Testing.Workspace.FileSystemTester.save_and_load_an_object_to_xml" executed="True" success="True" time="0.101" asserts="2" />
                      <test-case name="StoryTeller.Testing.Workspace.FileSystemTester.WriteAndReadText" executed="True" success="True" time="0.004" asserts="1" />
                      <test-case name="StoryTeller.Testing.Workspace.FileSystemTester.WriteToFileSmokeTest" executed="True" success="True" time="0.003" asserts="0" />
                    </results>
                  </test-suite>
                  <test-suite name="FixtureFilterTester" success="True" time="0.038" asserts="0">
                    <results>
                      <test-case name="StoryTeller.Testing.Workspace.FixtureFilterTester.apply_a_filter_at_namespace_level" executed="True" success="True" time="0.005" asserts="3" />
                      <test-case name="StoryTeller.Testing.Workspace.FixtureFilterTester.apply_a_filter_at_the_type_level" executed="True" success="True" time="0.002" asserts="3" />
                      <test-case name="StoryTeller.Testing.Workspace.FixtureFilterTester.apply_a_filter_on_fixture_graph_at_the_namespace_level" executed="True" success="True" time="0.014" asserts="4" />
                      <test-case name="StoryTeller.Testing.Workspace.FixtureFilterTester.apply_a_filter_on_fixture_graph_at_the_type_level" executed="True" success="True" time="0.002" asserts="3" />
                      <test-case name="StoryTeller.Testing.Workspace.FixtureFilterTester.apply_the_always_filter" executed="True" success="True" time="0.001" asserts="3" />
                      <test-case name="StoryTeller.Testing.Workspace.FixtureFilterTester.can_serialize_and_deserialize_a_workspace_filter" executed="True" success="True" time="0.003" asserts="4" />
                      <test-case name="StoryTeller.Testing.Workspace.FixtureFilterTester.create_a_merged_workspace_filter" executed="True" success="True" time="0.004" asserts="3" />
                      <test-case name="StoryTeller.Testing.Workspace.FixtureFilterTester.integrate_with_workspace_filter" executed="True" success="True" time="0.003" asserts="3" />
                      <test-case name="StoryTeller.Testing.Workspace.FixtureFilterTester.workspace_filter_returns_always_when_it_has_no_explicit_filters" executed="True" success="True" time="0.000" asserts="5" />
                    </results>
                  </test-suite>
                  <test-suite name="LazyTestXmlReaderTester" success="True" time="0.003" asserts="0">
                    <results>
                      <test-case name="StoryTeller.Testing.Workspace.LazyTestXmlReaderTester.can_load_the_parts_smoke_test" executed="True" success="True" time="0.001" asserts="1" />
                      <test-case name="StoryTeller.Testing.Workspace.LazyTestXmlReaderTester.picks_up_the_lifecycle_from_the_xml" executed="True" success="True" time="0.001" asserts="1" />
                      <test-case name="StoryTeller.Testing.Workspace.LazyTestXmlReaderTester.picks_up_the_name_from_the_xml" executed="True" success="True" time="0.001" asserts="1" />
                    </results>
                  </test-suite>
                  <test-suite name="ProjectTester" success="True" time="0.021" asserts="0">
                    <results>
                      <test-case name="StoryTeller.Testing.Workspace.ProjectTester.create_a_directory" executed="True" success="True" time="0.004" asserts="2" />
                      <test-case name="StoryTeller.Testing.Workspace.ProjectTester.delete_a_test_file" executed="True" success="True" time="0.006" asserts="2" />
                      <test-case name="StoryTeller.Testing.Workspace.ProjectTester.get_test_path" executed="True" success="True" time="0.001" asserts="3" />
                      <test-case name="StoryTeller.Testing.Workspace.ProjectTester.get_test_path_when_the_test_overrides_the_file_name" executed="True" success="True" time="0.001" asserts="1" />
                      <test-case name="StoryTeller.Testing.Workspace.ProjectTester.get_the_test_path_of_a_test_at_the_hierarchy_scope" executed="True" success="True" time="0.000" asserts="1" />
                      <test-case name="StoryTeller.Testing.Workspace.ProjectTester.GetBaseFolder" executed="True" success="True" time="0.000" asserts="1" />
                      <test-case name="StoryTeller.Testing.Workspace.ProjectTester.GetBaseFolderReturnsEmptyStringIfNoFileNameIsSet" executed="True" success="True" time="0.000" asserts="1" />
                      <test-case name="StoryTeller.Testing.Workspace.ProjectTester.save_and_load_a_test" executed="True" success="True" time="0.002" asserts="3" />
                    </results>
                  </test-suite>
                  <test-suite name="ResultPersistorIntegratedTester" success="True" time="14.504" asserts="0">
                    <results>
                      <test-case name="StoryTeller.Testing.Workspace.ResultPersistorIntegratedTester.get_file_name_for_test_gets_the_full_path_with_underscores_for_paths" executed="True" success="True" time="0.004" asserts="1" />
                      <test-case name="StoryTeller.Testing.Workspace.ResultPersistorIntegratedTester.get_file_name_for_test_with_spaces" executed="True" success="True" time="0.000" asserts="1" />
                      <test-case name="StoryTeller.Testing.Workspace.ResultPersistorIntegratedTester.persist_and_load_and_clear_by_project_smoke_test" executed="True" success="True" time="14.474" asserts="12" />
                      <test-case name="StoryTeller.Testing.Workspace.ResultPersistorIntegratedTester.save_and_load_the_history_for_a_hierarchy" executed="True" success="True" time="0.024" asserts="15" />
                    </results>
                  </test-suite>
                  <test-suite name="when_creating_the_combined_workflow_filter_for_selected_workspaces" success="True" time="0.018" asserts="0">
                    <results>
                      <test-case name="StoryTeller.Testing.Workspace.when_creating_the_combined_workflow_filter_for_selected_workspaces.clear_workspace_filter_sets_back_to_no_filters" executed="True" success="True" time="0.008" asserts="8" />
                      <test-case name="StoryTeller.Testing.Workspace.when_creating_the_combined_workflow_filter_for_selected_workspaces.no_workspaces_selected_so_all_fixtures_should_be_available" executed="True" success="True" time="0.001" asserts="8" />
                      <test-case name="StoryTeller.Testing.Workspace.when_creating_the_combined_workflow_filter_for_selected_workspaces.select_a_single_workspace" executed="True" success="True" time="0.005" asserts="10" />
                      <test-case name="StoryTeller.Testing.Workspace.when_creating_the_combined_workflow_filter_for_selected_workspaces.should_use_a_union_of_the_selected_workspace_filters" executed="True" success="True" time="0.004" asserts="7" />
                    </results>
                  </test-suite>
                  <test-suite name="when_renaming_a_file" success="True" time="0.019" asserts="0">
                    <results>
                      <test-case name="StoryTeller.Testing.Workspace.when_renaming_a_file.get_workspace_for_a_name_returns_the_same" executed="True" success="True" time="0.002" asserts="1" />
                      <test-case name="StoryTeller.Testing.Workspace.when_renaming_a_file.the_new_file_name_should_reflect_the_new_name" executed="True" success="True" time="0.002" asserts="1" />
                      <test-case name="StoryTeller.Testing.Workspace.when_renaming_a_file.the_new_test_name_should_be_set" executed="True" success="True" time="0.002" asserts="1" />
                      <test-case name="StoryTeller.Testing.Workspace.when_renaming_a_file.the_old_file_should_be_deleted" executed="True" success="True" time="0.002" asserts="1" />
                      <test-case name="StoryTeller.Testing.Workspace.when_renaming_a_file.the_test_should_now_be_saved_at_the_new_file_location" executed="True" success="True" time="0.003" asserts="3" />
                    </results>
                  </test-suite>
                </results>
              </test-suite>
              <test-suite name="Xml" success="True" time="0.144" asserts="0">
                <results>
                  <test-suite name="reading_the_lifecycle" success="True" time="0.002" asserts="0">
                    <results>
                      <test-case name="StoryTeller.Testing.Xml.reading_the_lifecycle.lifecycle_is_acceptance_by_default" executed="True" success="True" time="0.001" asserts="1" />
                      <test-case name="StoryTeller.Testing.Xml.reading_the_lifecycle.read_acceptance_from_node" executed="True" success="True" time="0.000" asserts="1" />
                      <test-case name="StoryTeller.Testing.Xml.reading_the_lifecycle.read_regression_from_node" executed="True" success="True" time="0.001" asserts="1" />
                    </results>
                  </test-suite>
                  <test-suite name="when_reading_a_comment" success="True" time="0.013" asserts="0">
                    <results>
                      <test-case name="StoryTeller.Testing.Xml.when_reading_a_comment.create_a_comment_object_for_a_Comment_node" executed="True" success="True" time="0.001" asserts="3" />
                      <test-case name="StoryTeller.Testing.Xml.when_reading_a_comment.read_a_comment_from_directly_under_the_test_node" executed="True" success="True" time="0.002" asserts="3" />
                    </results>
                  </test-suite>
                  <test-suite name="when_reading_a_section" success="True" time="0.004" asserts="0">
                    <results>
                      <test-case name="StoryTeller.Testing.Xml.when_reading_a_section.got_the_correct_grammar_names_of_the_steps" executed="True" success="True" time="0.003" asserts="9" />
                      <test-case name="StoryTeller.Testing.Xml.when_reading_a_section.has_a_step_for_each_child_node" executed="True" success="True" time="0.001" asserts="1" />
                      <test-case name="StoryTeller.Testing.Xml.when_reading_a_section.section_name_should_be_the_node_name" executed="True" success="True" time="0.000" asserts="1" />
                    </results>
                  </test-suite>
                  <test-suite name="when_reading_a_step" success="True" time="0.008" asserts="0">
                    <results>
                      <test-case name="StoryTeller.Testing.Xml.when_reading_a_step.should_get_the_grammar_name" executed="True" success="True" time="0.002" asserts="1" />
                      <test-case name="StoryTeller.Testing.Xml.when_reading_a_step.should_have_children_steps" executed="True" success="True" time="0.001" asserts="1" />
                      <test-case name="StoryTeller.Testing.Xml.when_reading_a_step.should_have_read_all_three_properties" executed="True" success="True" time="0.000" asserts="3" />
                      <test-case name="StoryTeller.Testing.Xml.when_reading_a_step.should_pick_up_attributes_on_a_child_step" executed="True" success="True" time="0.001" asserts="3" />
                      <test-case name="StoryTeller.Testing.Xml.when_reading_a_step.should_pick_up_children_of_child" executed="True" success="True" time="0.001" asserts="3" />
                    </results>
                  </test-suite>
                  <test-suite name="when_reading_a_test" success="True" time="0.007" asserts="0">
                    <results>
                      <test-case name="StoryTeller.Testing.Xml.when_reading_a_test.should_have_read_the_name_from_the_top_root" executed="True" success="True" time="0.002" asserts="1" />
                      <test-case name="StoryTeller.Testing.Xml.when_reading_a_test.should_have_three_parts" executed="True" success="True" time="0.000" asserts="1" />
                      <test-case name="StoryTeller.Testing.Xml.when_reading_a_test.should_have_three_sections" executed="True" success="True" time="0.002" asserts="9" />
                      <test-case name="StoryTeller.Testing.Xml.when_reading_a_test.the_first_section_has_a_step_with_attributes" executed="True" success="True" time="0.001" asserts="5" />
                      <test-case name="StoryTeller.Testing.Xml.when_reading_a_test.the_first_section_should_have_steps" executed="True" success="True" time="0.001" asserts="3" />
                    </results>
                  </test-suite>
                  <test-suite name="when_reading_a_test_with_an_embedded_table" success="True" time="0.001" asserts="0">
                    <results>
                      <test-case name="StoryTeller.Testing.Xml.when_reading_a_test_with_an_embedded_table.should_read_the_children_steps_of_a_step" executed="True" success="True" time="0.001" asserts="6" />
                    </results>
                  </test-suite>
                  <test-suite name="when_writing_a_test" success="True" time="0.103" asserts="0">
                    <results>
                      <test-case name="StoryTeller.Testing.Xml.when_writing_a_test.should_have_a_node_for_each_section_plus_the_comment_for_the_description_and_a_user_comment" executed="True" success="True" time="0.003" asserts="4" />
                      <test-case name="StoryTeller.Testing.Xml.when_writing_a_test.should_have_a_step_node_for_each_step_in_a_section" executed="True" success="True" time="0.002" asserts="5" />
                      <test-case name="StoryTeller.Testing.Xml.when_writing_a_test.should_have_the_test_name_in_the_top_node" executed="True" success="True" time="0.001" asserts="2" />
                      <test-case name="StoryTeller.Testing.Xml.when_writing_a_test.should_have_written_a_comment_node_at_the_top_of_the_test" executed="True" success="True" time="0.000" asserts="2" />
                      <test-case name="StoryTeller.Testing.Xml.when_writing_a_test.should_have_written_a_comment_within_Address_fixture_section" executed="True" success="True" time="0.086" asserts="1" />
                      <test-case name="StoryTeller.Testing.Xml.when_writing_a_test.should_have_written_an_xml_comment_for_the_address_section" executed="True" success="True" time="0.001" asserts="1" />
                      <test-case name="StoryTeller.Testing.Xml.when_writing_a_test.should_have_written_children_nodes_of_step_with_children_steps" executed="True" success="True" time="0.002" asserts="8" />
                      <test-case name="StoryTeller.Testing.Xml.when_writing_a_test.should_have_xml_attribute_for_each_step_value" executed="True" success="True" time="0.001" asserts="7" />
                      <test-case name="StoryTeller.Testing.Xml.when_writing_a_test.tagName_of_a_grammar_element_should_be_the_grammar_key" executed="True" success="True" time="0.000" asserts="1" />
                      <test-case name="StoryTeller.Testing.Xml.when_writing_a_test.the_root_node_should_be_test" executed="True" success="True" time="0.000" asserts="1" />
                    </results>
                  </test-suite>
                </results>
              </test-suite>
            </results>
          </test-suite>
        </results>
      </test-suite>
      <test-suite name="StoryTellerTestHarness" success="True" time="0.001" asserts="0">
        <results />
      </test-suite>
    </results>
  </test-suite>
</test-results>